[04-Jan-2024 13:06:31 UTC] PHP Warning:  Undefined array key "login" in /home/syifa-laundry.com/laundry/app/Views/components/layouts/navbar.php on line 21
[04-Jan-2024 13:07:33 UTC] PHP Warning:  Undefined array key "login" in /home/syifa-laundry.com/laundry/app/Views/components/layouts/navbar.php on line 21
[04-Jan-2024 13:07:40 UTC] PHP Warning:  Undefined array key "login" in /home/syifa-laundry.com/laundry/app/Views/components/layouts/navbar.php on line 21
[04-Jan-2024 13:41:32 UTC] PHP Warning:  Undefined array key "login" in /home/syifa-laundry.com/laundry/app/Views/components/layouts/navbar.php on line 21
[04-Jan-2024 13:42:07 UTC] PHP Warning:  Undefined array key "login" in /home/syifa-laundry.com/laundry/app/Views/components/layouts/navbar.php on line 21
[04-Jan-2024 13:42:14 UTC] PHP Warning:  Undefined array key "login" in /home/syifa-laundry.com/laundry/app/Views/components/layouts/navbar.php on line 21
[04-Jan-2024 13:43:07 UTC] PHP Warning:  Undefined array key "login" in /home/syifa-laundry.com/laundry/app/Views/components/layouts/navbar.php on line 21
[04-Jan-2024 13:43:14 UTC] PHP Warning:  Undefined array key "login" in /home/syifa-laundry.com/laundry/app/Views/components/layouts/navbar.php on line 21
[04-Jan-2024 13:44:02 UTC] PHP Warning:  Undefined array key "login" in /home/syifa-laundry.com/laundry/app/Views/components/layouts/navbar.php on line 21
[04-Jan-2024 13:44:10 UTC] PHP Warning:  Undefined array key "login" in /home/syifa-laundry.com/laundry/app/Views/components/layouts/navbar.php on line 21
[04-Jan-2024 13:53:55 UTC] PHP Warning:  Undefined array key "login" in /home/syifa-laundry.com/laundry/app/Views/components/layouts/navbar.php on line 21
[04-Jan-2024 15:17:12 UTC] PHP Warning:  Undefined array key "login" in /home/syifa-laundry.com/laundry/app/Views/components/layouts/navbar.php on line 21
[04-Jan-2024 16:06:41 UTC] PHP Warning:  Undefined array key "login" in /home/syifa-laundry.com/laundry/app/Views/components/layouts/navbar.php on line 21
[04-Jan-2024 16:06:41 UTC] PHP Warning:  Undefined array key "login" in /home/syifa-laundry.com/laundry/app/Views/components/layouts/navbar.php on line 21
[04-Jan-2024 18:15:25 UTC] PHP Warning:  Undefined array key "login" in /home/syifa-laundry.com/laundry/app/Views/components/layouts/navbar.php on line 21
[04-Jan-2024 19:51:56 UTC] PHP Warning:  Undefined array key "login" in /home/syifa-laundry.com/laundry/app/Views/components/layouts/navbar.php on line 21
[04-Jan-2024 22:50:13 UTC] PHP Warning:  Undefined array key "login" in /home/syifa-laundry.com/laundry/app/Views/components/layouts/navbar.php on line 21
[04-Jan-2024 23:45:23 UTC] PHP Warning:  Undefined array key "login" in /home/syifa-laundry.com/laundry/app/Views/components/layouts/navbar.php on line 21
[04-Jan-2024 23:45:23 UTC] PHP Warning:  Undefined array key "login" in /home/syifa-laundry.com/laundry/app/Views/components/layouts/navbar.php on line 21
[05-Jan-2024 00:16:55 UTC] PHP Warning:  Undefined array key "login" in /home/syifa-laundry.com/laundry/app/Views/components/layouts/navbar.php on line 21
[05-Jan-2024 00:21:32 UTC] PHP Warning:  Undefined array key "login" in /home/syifa-laundry.com/laundry/app/Views/components/layouts/navbar.php on line 21
[05-Jan-2024 02:17:42 UTC] PHP Warning:  Undefined array key "login" in /home/syifa-laundry.com/laundry/app/Views/components/layouts/navbar.php on line 21
[05-Jan-2024 02:54:29 UTC] PHP Warning:  Undefined array key "login" in /home/syifa-laundry.com/laundry/app/Views/components/layouts/navbar.php on line 21
[05-Jan-2024 02:55:50 UTC] PHP Warning:  Undefined array key "login" in /home/syifa-laundry.com/laundry/app/Views/components/layouts/navbar.php on line 21
[05-Jan-2024 05:06:32 UTC] PHP Warning:  Undefined array key "login" in /home/syifa-laundry.com/laundry/app/Views/components/layouts/navbar.php on line 21
[05-Jan-2024 05:07:15 UTC] PHP Warning:  Undefined array key "login" in /home/syifa-laundry.com/laundry/app/Views/components/layouts/navbar.php on line 21
[05-Jan-2024 05:44:43 UTC] PHP Warning:  Undefined array key "login" in /home/syifa-laundry.com/laundry/app/Views/components/layouts/navbar.php on line 21
[05-Jan-2024 06:23:32 UTC] PHP Warning:  Undefined array key "login" in /home/syifa-laundry.com/laundry/app/Views/components/layouts/navbar.php on line 21
[05-Jan-2024 09:11:42 UTC] PHP Warning:  Undefined array key "login" in /home/syifa-laundry.com/laundry/app/Views/components/layouts/navbar.php on line 21
[05-Jan-2024 09:14:22 UTC] PHP Warning:  Undefined array key "login" in /home/syifa-laundry.com/laundry/app/Views/components/layouts/navbar.php on line 21
[05-Jan-2024 09:39:22 UTC] PHP Warning:  Undefined array key "login" in /home/syifa-laundry.com/laundry/app/Views/components/layouts/navbar.php on line 21
[05-Jan-2024 09:39:22 UTC] PHP Warning:  Undefined array key "login" in /home/syifa-laundry.com/laundry/app/Views/components/layouts/navbar.php on line 21
[05-Jan-2024 13:20:34 UTC] PHP Warning:  Undefined array key "login" in /home/syifa-laundry.com/laundry/app/Views/components/layouts/navbar.php on line 21
[05-Jan-2024 13:36:26 UTC] PHP Warning:  Undefined array key "login" in /home/syifa-laundry.com/laundry/app/Views/components/layouts/navbar.php on line 21
[05-Jan-2024 15:20:08 UTC] PHP Warning:  Undefined array key "login" in /home/syifa-laundry.com/laundry/app/Views/components/layouts/navbar.php on line 21
[05-Jan-2024 15:33:56 UTC] PHP Warning:  Undefined array key "login" in /home/syifa-laundry.com/laundry/app/Views/components/layouts/navbar.php on line 21
[05-Jan-2024 17:23:28 UTC] PHP Warning:  Undefined array key "login" in /home/syifa-laundry.com/laundry/app/Views/components/layouts/navbar.php on line 21
[05-Jan-2024 17:39:46 UTC] PHP Warning:  Undefined array key "login" in /home/syifa-laundry.com/laundry/app/Views/components/layouts/navbar.php on line 21
[05-Jan-2024 18:18:18 UTC] PHP Warning:  Undefined array key "login" in /home/syifa-laundry.com/laundry/app/Views/components/layouts/navbar.php on line 21
[05-Jan-2024 18:18:18 UTC] PHP Warning:  Undefined array key "login" in /home/syifa-laundry.com/laundry/app/Views/components/layouts/navbar.php on line 21
[05-Jan-2024 18:21:00 UTC] PHP Warning:  Undefined array key "login" in /home/syifa-laundry.com/laundry/app/Views/components/layouts/navbar.php on line 21
[05-Jan-2024 19:07:54 UTC] PHP Warning:  Undefined array key "login" in /home/syifa-laundry.com/laundry/app/Views/components/layouts/navbar.php on line 21
[05-Jan-2024 19:08:57 UTC] PHP Warning:  Undefined array key "login" in /home/syifa-laundry.com/laundry/app/Views/components/layouts/navbar.php on line 21
[05-Jan-2024 21:47:44 UTC] PHP Warning:  Undefined array key "login" in /home/syifa-laundry.com/laundry/app/Views/components/layouts/navbar.php on line 21
[05-Jan-2024 21:47:46 UTC] PHP Warning:  Undefined array key "login" in /home/syifa-laundry.com/laundry/app/Views/components/layouts/navbar.php on line 21
[05-Jan-2024 23:48:56 UTC] PHP Warning:  Undefined array key "login" in /home/syifa-laundry.com/laundry/app/Views/components/layouts/navbar.php on line 21
[06-Jan-2024 00:25:04 UTC] PHP Warning:  Undefined array key "login" in /home/syifa-laundry.com/laundry/app/Views/components/layouts/navbar.php on line 21
[06-Jan-2024 02:16:03 UTC] PHP Warning:  Undefined array key "login" in /home/syifa-laundry.com/laundry/app/Views/components/layouts/navbar.php on line 21
[06-Jan-2024 03:35:36 UTC] PHP Warning:  Undefined array key "login" in /home/syifa-laundry.com/laundry/app/Views/components/layouts/navbar.php on line 21
[06-Jan-2024 03:46:04 UTC] PHP Warning:  Undefined array key "login" in /home/syifa-laundry.com/laundry/app/Views/components/layouts/navbar.php on line 21
[06-Jan-2024 03:46:10 UTC] PHP Warning:  Undefined array key "login" in /home/syifa-laundry.com/laundry/app/Views/components/layouts/navbar.php on line 21
[06-Jan-2024 03:46:23 UTC] PHP Warning:  Undefined array key "login" in /home/syifa-laundry.com/laundry/app/Views/components/layouts/navbar.php on line 21
[06-Jan-2024 04:15:34 UTC] PHP Warning:  Undefined array key "login" in /home/syifa-laundry.com/laundry/app/Views/components/layouts/navbar.php on line 21
[06-Jan-2024 04:21:17 UTC] PHP Warning:  Undefined array key "login" in /home/syifa-laundry.com/laundry/app/Views/components/layouts/navbar.php on line 21
[06-Jan-2024 04:21:24 UTC] PHP Warning:  Undefined array key "login" in /home/syifa-laundry.com/laundry/app/Views/components/layouts/navbar.php on line 21
[06-Jan-2024 05:12:31 UTC] PHP Warning:  Undefined array key "login" in /home/syifa-laundry.com/laundry/app/Views/components/layouts/navbar.php on line 21
[06-Jan-2024 05:12:39 UTC] PHP Warning:  Undefined array key "login" in /home/syifa-laundry.com/laundry/app/Views/components/layouts/navbar.php on line 21
[06-Jan-2024 05:34:23 UTC] PHP Warning:  Undefined array key "login" in /home/syifa-laundry.com/laundry/app/Views/components/layouts/navbar.php on line 21
[06-Jan-2024 05:34:29 UTC] PHP Warning:  Undefined array key "login" in /home/syifa-laundry.com/laundry/app/Views/components/layouts/navbar.php on line 21
[06-Jan-2024 05:41:19 UTC] PHP Warning:  Undefined array key "login" in /home/syifa-laundry.com/laundry/app/Views/components/layouts/navbar.php on line 21
[06-Jan-2024 05:41:25 UTC] PHP Warning:  Undefined array key "login" in /home/syifa-laundry.com/laundry/app/Views/components/layouts/navbar.php on line 21
[06-Jan-2024 05:43:48 UTC] PHP Warning:  Undefined array key "login" in /home/syifa-laundry.com/laundry/app/Views/components/layouts/navbar.php on line 21
[06-Jan-2024 05:43:55 UTC] PHP Warning:  Undefined array key "login" in /home/syifa-laundry.com/laundry/app/Views/components/layouts/navbar.php on line 21
[06-Jan-2024 05:45:17 UTC] PHP Warning:  Undefined array key "login" in /home/syifa-laundry.com/laundry/app/Views/components/layouts/navbar.php on line 21
[06-Jan-2024 05:45:23 UTC] PHP Warning:  Undefined array key "login" in /home/syifa-laundry.com/laundry/app/Views/components/layouts/navbar.php on line 21
[06-Jan-2024 05:54:05 UTC] PHP Warning:  Undefined array key "login" in /home/syifa-laundry.com/laundry/app/Views/components/layouts/navbar.php on line 21
[06-Jan-2024 05:55:09 UTC] PHP Warning:  Undefined variable $html in /home/syifa-laundry.com/laundry/app/Views/pages/admin/pdf/pdf_customer.php on line 17
[06-Jan-2024 05:58:37 UTC] PHP Warning:  Undefined array key "login" in /home/syifa-laundry.com/laundry/app/Views/components/layouts/navbar.php on line 21
[06-Jan-2024 05:59:20 UTC] PHP Warning:  Undefined array key "login" in /home/syifa-laundry.com/laundry/app/Views/components/layouts/navbar.php on line 21
[06-Jan-2024 06:00:42 UTC] PHP Warning:  Undefined array key "login" in /home/syifa-laundry.com/laundry/app/Views/components/layouts/navbar.php on line 21
[06-Jan-2024 06:04:27 UTC] PHP Warning:  Undefined array key "login" in /home/syifa-laundry.com/laundry/app/Views/components/layouts/navbar.php on line 21
[06-Jan-2024 06:07:18 UTC] PHP Warning:  Undefined array key "login" in /home/syifa-laundry.com/laundry/app/Views/components/layouts/navbar.php on line 21
[06-Jan-2024 06:10:23 UTC] PHP Warning:  Undefined array key "login" in /home/syifa-laundry.com/laundry/app/Views/components/layouts/navbar.php on line 21
[06-Jan-2024 06:10:33 UTC] PHP Warning:  Undefined array key "login" in /home/syifa-laundry.com/laundry/app/Views/components/layouts/navbar.php on line 21
[06-Jan-2024 06:53:06 UTC] PHP Warning:  Undefined array key "login" in /home/syifa-laundry.com/laundry/app/Views/components/layouts/navbar.php on line 21
[06-Jan-2024 06:57:03 UTC] PHP Warning:  Undefined array key "login" in /home/syifa-laundry.com/laundry/app/Views/components/layouts/navbar.php on line 21
[06-Jan-2024 06:57:05 UTC] PHP Warning:  Undefined array key "login" in /home/syifa-laundry.com/laundry/app/Views/components/layouts/navbar.php on line 21
[06-Jan-2024 07:11:50 UTC] PHP Warning:  Undefined array key "login" in /home/syifa-laundry.com/laundry/app/Views/components/layouts/navbar.php on line 21
[06-Jan-2024 07:12:58 UTC] PHP Warning:  Undefined array key "login" in /home/syifa-laundry.com/laundry/app/Views/components/layouts/navbar.php on line 21
[06-Jan-2024 07:13:23 UTC] PHP Warning:  Undefined array key "login" in /home/syifa-laundry.com/laundry/app/Views/components/layouts/navbar.php on line 21
[06-Jan-2024 07:13:54 UTC] PHP Warning:  Undefined array key "login" in /home/syifa-laundry.com/laundry/app/Views/components/layouts/navbar.php on line 21
[06-Jan-2024 07:14:54 UTC] PHP Warning:  Undefined array key "login" in /home/syifa-laundry.com/laundry/app/Views/components/layouts/navbar.php on line 21
[06-Jan-2024 07:15:14 UTC] PHP Warning:  Undefined array key "login" in /home/syifa-laundry.com/laundry/app/Views/components/layouts/navbar.php on line 21
[06-Jan-2024 07:26:55 UTC] PHP Warning:  Undefined array key "login" in /home/syifa-laundry.com/laundry/app/Views/components/layouts/navbar.php on line 21
[06-Jan-2024 08:44:33 UTC] PHP Warning:  Undefined array key "login" in /home/syifa-laundry.com/laundry/app/Views/components/layouts/navbar.php on line 21
[06-Jan-2024 08:44:48 UTC] PHP Warning:  Undefined array key "login" in /home/syifa-laundry.com/laundry/app/Views/components/layouts/navbar.php on line 21
[06-Jan-2024 08:45:20 UTC] PHP Warning:  Undefined array key "login" in /home/syifa-laundry.com/laundry/app/Views/components/layouts/navbar.php on line 21
[06-Jan-2024 08:55:55 UTC] PHP Warning:  Undefined array key "login" in /home/syifa-laundry.com/laundry/app/Views/components/layouts/navbar.php on line 21
[06-Jan-2024 08:57:25 UTC] PHP Warning:  Undefined array key "login" in /home/syifa-laundry.com/laundry/app/Views/components/layouts/navbar.php on line 21
[06-Jan-2024 08:58:04 UTC] PHP Warning:  Undefined array key "login" in /home/syifa-laundry.com/laundry/app/Views/components/layouts/navbar.php on line 21
[06-Jan-2024 08:59:19 UTC] PHP Warning:  Undefined array key "login" in /home/syifa-laundry.com/laundry/app/Views/components/layouts/navbar.php on line 21
[06-Jan-2024 09:00:34 UTC] PHP Warning:  Undefined array key "login" in /home/syifa-laundry.com/laundry/app/Views/components/layouts/navbar.php on line 21
[06-Jan-2024 09:02:33 UTC] PHP Warning:  Undefined array key "login" in /home/syifa-laundry.com/laundry/app/Views/components/layouts/navbar.php on line 21
[06-Jan-2024 09:02:49 UTC] PHP Warning:  Undefined array key "login" in /home/syifa-laundry.com/laundry/app/Views/components/layouts/navbar.php on line 21
[06-Jan-2024 09:04:18 UTC] PHP Warning:  Undefined array key "login" in /home/syifa-laundry.com/laundry/app/Views/components/layouts/navbar.php on line 21
[06-Jan-2024 09:04:18 UTC] PHP Warning:  Undefined array key "login" in /home/syifa-laundry.com/laundry/app/Views/components/layouts/navbar.php on line 21
[06-Jan-2024 09:04:42 UTC] PHP Warning:  Undefined array key "login" in /home/syifa-laundry.com/laundry/app/Views/components/layouts/navbar.php on line 21
[06-Jan-2024 09:04:47 UTC] PHP Warning:  Undefined array key "login" in /home/syifa-laundry.com/laundry/app/Views/components/layouts/navbar.php on line 21
[06-Jan-2024 09:07:19 UTC] PHP Warning:  Undefined array key "login" in /home/syifa-laundry.com/laundry/app/Views/components/layouts/navbar.php on line 21
[06-Jan-2024 09:07:46 UTC] PHP Warning:  Undefined array key "login" in /home/syifa-laundry.com/laundry/app/Views/components/layouts/navbar.php on line 21
[06-Jan-2024 09:12:42 UTC] PHP Warning:  Undefined array key "login" in /home/syifa-laundry.com/laundry/app/Views/components/layouts/navbar.php on line 21
[06-Jan-2024 09:12:43 UTC] PHP Warning:  Undefined array key "login" in /home/syifa-laundry.com/laundry/app/Views/components/layouts/navbar.php on line 21
[06-Jan-2024 09:15:12 UTC] PHP Warning:  Undefined array key "login" in /home/syifa-laundry.com/laundry/app/Views/components/layouts/navbar.php on line 21
[06-Jan-2024 09:58:09 UTC] PHP Warning:  Undefined array key "login" in /home/syifa-laundry.com/laundry/app/Views/components/layouts/navbar.php on line 21
[06-Jan-2024 10:28:40 UTC] PHP Warning:  Undefined array key "login" in /home/syifa-laundry.com/laundry/app/Views/components/layouts/navbar.php on line 21
[06-Jan-2024 10:28:40 UTC] PHP Warning:  Undefined array key "login" in /home/syifa-laundry.com/laundry/app/Views/components/layouts/navbar.php on line 21
[06-Jan-2024 10:51:24 UTC] PHP Warning:  Undefined array key "login" in /home/syifa-laundry.com/laundry/app/Views/components/layouts/navbar.php on line 21
[06-Jan-2024 10:57:56 UTC] PHP Warning:  Undefined array key "login" in /home/syifa-laundry.com/laundry/app/Views/components/layouts/navbar.php on line 21
[06-Jan-2024 11:02:28 UTC] PHP Warning:  Undefined array key "login" in /home/syifa-laundry.com/laundry/app/Views/components/layouts/navbar.php on line 21
[06-Jan-2024 11:02:52 UTC] PHP Warning:  Undefined array key "login" in /home/syifa-laundry.com/laundry/app/Views/components/layouts/navbar.php on line 21
[06-Jan-2024 11:03:05 UTC] PHP Warning:  Undefined array key "login" in /home/syifa-laundry.com/laundry/app/Views/components/layouts/navbar.php on line 21
[06-Jan-2024 11:03:38 UTC] PHP Warning:  Undefined array key "login" in /home/syifa-laundry.com/laundry/app/Views/components/layouts/navbar.php on line 21
[06-Jan-2024 11:07:49 UTC] PHP Warning:  Undefined array key "login" in /home/syifa-laundry.com/laundry/app/Views/components/layouts/navbar.php on line 21
[06-Jan-2024 11:11:14 UTC] PHP Warning:  Undefined array key "login" in /home/syifa-laundry.com/laundry/app/Views/components/layouts/navbar.php on line 21
[06-Jan-2024 11:12:04 UTC] PHP Warning:  Undefined array key "login" in /home/syifa-laundry.com/laundry/app/Views/components/layouts/navbar.php on line 21
[06-Jan-2024 11:13:05 UTC] PHP Warning:  Undefined array key "login" in /home/syifa-laundry.com/laundry/app/Views/components/layouts/navbar.php on line 21
[06-Jan-2024 11:13:05 UTC] PHP Warning:  Undefined array key "login" in /home/syifa-laundry.com/laundry/app/Views/components/layouts/navbar.php on line 21
[06-Jan-2024 11:18:28 UTC] PHP Warning:  Undefined array key "login" in /home/syifa-laundry.com/laundry/app/Views/components/layouts/navbar.php on line 21
[06-Jan-2024 11:22:37 UTC] PHP Warning:  Undefined array key "login" in /home/syifa-laundry.com/laundry/app/Views/components/layouts/navbar.php on line 21
[06-Jan-2024 11:29:15 UTC] PHP Warning:  Undefined variable $html in /home/syifa-laundry.com/laundry/app/Views/pages/admin/pdf/pdf_customer.php on line 17
[06-Jan-2024 11:29:39 UTC] PHP Warning:  Undefined variable $html in /home/syifa-laundry.com/laundry/app/Views/pages/admin/pdf/pdf_customer.php on line 17
[06-Jan-2024 11:31:27 UTC] PHP Warning:  Undefined array key "login" in /home/syifa-laundry.com/laundry/app/Views/components/layouts/navbar.php on line 21
[06-Jan-2024 11:31:41 UTC] PHP Warning:  Undefined array key "login" in /home/syifa-laundry.com/laundry/app/Views/components/layouts/navbar.php on line 21
[06-Jan-2024 11:32:40 UTC] PHP Warning:  Undefined variable $html in /home/syifa-laundry.com/laundry/app/Views/pages/admin/pdf/pdf_ctm_sudah_bayar.php on line 17
[06-Jan-2024 11:32:50 UTC] PHP Warning:  Undefined variable $html in /home/syifa-laundry.com/laundry/app/Views/pages/admin/pdf/pdf_ctm_sudah_bayar.php on line 17
[06-Jan-2024 11:33:20 UTC] PHP Warning:  Undefined variable $html in /home/syifa-laundry.com/laundry/app/Views/pages/admin/pdf/pdf_ctm_belum_bayar.php on line 17
[06-Jan-2024 11:45:19 UTC] PHP Warning:  Undefined array key "login" in /home/syifa-laundry.com/laundry/app/Views/components/layouts/navbar.php on line 21
[06-Jan-2024 11:45:20 UTC] PHP Warning:  Undefined array key "login" in /home/syifa-laundry.com/laundry/app/Views/components/layouts/navbar.php on line 21
[06-Jan-2024 12:18:48 UTC] PHP Warning:  Undefined array key "login" in /home/syifa-laundry.com/laundry/app/Views/components/layouts/navbar.php on line 21
[06-Jan-2024 12:18:48 UTC] PHP Warning:  Undefined array key "login" in /home/syifa-laundry.com/laundry/app/Views/components/layouts/navbar.php on line 21
[06-Jan-2024 12:47:56 UTC] PHP Warning:  Undefined array key "login" in /home/syifa-laundry.com/laundry/app/Views/components/layouts/navbar.php on line 21
[06-Jan-2024 12:48:07 UTC] PHP Warning:  Undefined array key "login" in /home/syifa-laundry.com/laundry/app/Views/components/layouts/navbar.php on line 21
[06-Jan-2024 13:21:05 UTC] PHP Warning:  Undefined array key "login" in /home/syifa-laundry.com/laundry/app/Views/components/layouts/navbar.php on line 21
[06-Jan-2024 13:41:49 UTC] PHP Warning:  Undefined array key "login" in /home/syifa-laundry.com/laundry/app/Views/components/layouts/navbar.php on line 21
[06-Jan-2024 13:45:17 UTC] PHP Warning:  Undefined array key "login" in /home/syifa-laundry.com/laundry/app/Views/components/layouts/navbar.php on line 21
[06-Jan-2024 13:54:52 UTC] PHP Fatal error:  Uncaught PDOException: SQLSTATE[22007]: Invalid datetime format: 1366 Incorrect integer value: '' for column `syif_db_laundry`.`tbl_pesanan_ld`.`id_tmuld` at row 1 in /home/syifa-laundry.com/laundry/app/Core/Database.php:50
Stack trace:
#0 /home/syifa-laundry.com/laundry/app/Core/Database.php(50): PDOStatement->execute()
#1 /home/syifa-laundry.com/laundry/app/Core/Database.php(85): App\Laundry\Core\Database->qry()
#2 /home/syifa-laundry.com/laundry/app/Models/PesananModel.php(46): App\Laundry\Core\Database->insertData()
#3 /home/syifa-laundry.com/laundry/app/Controllers/AdminController.php(487): App\Laundry\Models\PesananModel->insert()
#4 [internal function]: App\Laundry\Controllers\AdminController->tambah_pemesanan()
#5 /home/syifa-laundry.com/laundry/app/Core/App.php(145): call_user_func_array()
#6 /home/syifa-laundry.com/laundry/app/Core/Routes.php(129): App\Laundry\Core\App->run()
#7 /home/syifa-laundry.com/laundry/app/index.php(14): App\Laundry\Core\Routes->run()
#8 /home/syifa-laundry.com/public_html/index.php(3): require_once('...')
#9 {main}
  thrown in /home/syifa-laundry.com/laundry/app/Core/Database.php on line 50
[06-Jan-2024 14:06:27 UTC] PHP Warning:  Undefined array key "login" in /home/syifa-laundry.com/laundry/app/Views/components/layouts/navbar.php on line 21
[06-Jan-2024 14:07:22 UTC] PHP Warning:  Undefined array key "login" in /home/syifa-laundry.com/laundry/app/Views/components/layouts/navbar.php on line 21
[06-Jan-2024 14:07:55 UTC] PHP Warning:  Undefined array key "login" in /home/syifa-laundry.com/laundry/app/Views/components/layouts/navbar.php on line 21
[06-Jan-2024 14:08:20 UTC] PHP Warning:  Undefined array key "login" in /home/syifa-laundry.com/laundry/app/Views/components/layouts/navbar.php on line 21
[06-Jan-2024 14:08:34 UTC] PHP Warning:  Undefined array key "login" in /home/syifa-laundry.com/laundry/app/Views/components/layouts/navbar.php on line 21
[06-Jan-2024 14:08:36 UTC] PHP Warning:  Undefined array key "login" in /home/syifa-laundry.com/laundry/app/Views/components/layouts/navbar.php on line 21
[06-Jan-2024 14:21:51 UTC] PHP Warning:  Undefined array key "login" in /home/syifa-laundry.com/laundry/app/Views/components/layouts/navbar.php on line 21
[06-Jan-2024 14:23:42 UTC] PHP Warning:  Undefined array key "login" in /home/syifa-laundry.com/laundry/app/Views/components/layouts/navbar.php on line 21
[06-Jan-2024 14:24:01 UTC] PHP Warning:  Undefined array key "login" in /home/syifa-laundry.com/laundry/app/Views/components/layouts/navbar.php on line 21
[06-Jan-2024 14:24:58 UTC] PHP Warning:  Undefined array key "login" in /home/syifa-laundry.com/laundry/app/Views/components/layouts/navbar.php on line 21
[06-Jan-2024 14:25:30 UTC] PHP Warning:  Undefined array key "login" in /home/syifa-laundry.com/laundry/app/Views/components/layouts/navbar.php on line 21
[06-Jan-2024 14:25:47 UTC] PHP Warning:  Undefined array key "login" in /home/syifa-laundry.com/laundry/app/Views/components/layouts/navbar.php on line 21
[06-Jan-2024 14:28:20 UTC] PHP Warning:  Undefined array key "login" in /home/syifa-laundry.com/laundry/app/Views/components/layouts/navbar.php on line 21
[06-Jan-2024 14:29:08 UTC] PHP Warning:  Undefined array key "login" in /home/syifa-laundry.com/laundry/app/Views/components/layouts/navbar.php on line 21
[06-Jan-2024 14:29:54 UTC] PHP Warning:  Undefined array key "login" in /home/syifa-laundry.com/laundry/app/Views/components/layouts/navbar.php on line 21
[06-Jan-2024 14:30:43 UTC] PHP Warning:  Undefined array key "login" in /home/syifa-laundry.com/laundry/app/Views/components/layouts/navbar.php on line 21
[06-Jan-2024 14:31:31 UTC] PHP Warning:  Undefined variable $html in /home/syifa-laundry.com/laundry/app/Views/pages/admin/pdf/pdf_customer.php on line 17
[06-Jan-2024 14:34:09 UTC] PHP Warning:  Undefined array key "login" in /home/syifa-laundry.com/laundry/app/Views/components/layouts/navbar.php on line 21
[06-Jan-2024 14:39:37 UTC] PHP Warning:  Undefined variable $html in /home/syifa-laundry.com/laundry/app/Views/pages/admin/pdf/pdf_ctm_belum_bayar.php on line 17
[06-Jan-2024 14:56:40 UTC] PHP Warning:  Undefined array key "login" in /home/syifa-laundry.com/laundry/app/Views/components/layouts/navbar.php on line 21
[06-Jan-2024 15:10:11 UTC] PHP Warning:  Undefined array key "login" in /home/syifa-laundry.com/laundry/app/Views/components/layouts/navbar.php on line 21
[06-Jan-2024 15:11:27 UTC] PHP Warning:  Undefined array key "login" in /home/syifa-laundry.com/laundry/app/Views/components/layouts/navbar.php on line 21
[06-Jan-2024 15:12:40 UTC] PHP Warning:  Undefined array key "login" in /home/syifa-laundry.com/laundry/app/Views/components/layouts/navbar.php on line 21
[06-Jan-2024 15:15:58 UTC] PHP Warning:  Undefined array key "login" in /home/syifa-laundry.com/laundry/app/Views/components/layouts/navbar.php on line 21
[06-Jan-2024 18:22:44 UTC] PHP Warning:  Undefined array key "login" in /home/syifa-laundry.com/laundry/app/Views/components/layouts/navbar.php on line 21
[06-Jan-2024 18:34:24 UTC] PHP Warning:  Undefined array key "login" in /home/syifa-laundry.com/laundry/app/Views/components/layouts/navbar.php on line 21
[06-Jan-2024 18:43:59 UTC] PHP Warning:  Undefined array key "login" in /home/syifa-laundry.com/laundry/app/Views/components/layouts/navbar.php on line 21
[06-Jan-2024 19:20:41 UTC] PHP Warning:  Undefined array key "login" in /home/syifa-laundry.com/laundry/app/Views/components/layouts/navbar.php on line 21
[07-Jan-2024 00:25:05 UTC] PHP Warning:  Undefined array key "login" in /home/syifa-laundry.com/laundry/app/Views/components/layouts/navbar.php on line 21
[07-Jan-2024 00:37:05 UTC] PHP Warning:  Undefined array key "login" in /home/syifa-laundry.com/laundry/app/Views/components/layouts/navbar.php on line 21
[07-Jan-2024 01:02:12 UTC] PHP Warning:  Undefined array key "login" in /home/syifa-laundry.com/laundry/app/Views/components/layouts/navbar.php on line 21
[07-Jan-2024 01:27:11 UTC] PHP Warning:  Undefined array key "login" in /home/syifa-laundry.com/laundry/app/Views/components/layouts/navbar.php on line 21
[07-Jan-2024 02:15:19 UTC] PHP Warning:  Undefined array key "login" in /home/syifa-laundry.com/laundry/app/Views/components/layouts/navbar.php on line 21
[07-Jan-2024 06:10:24 UTC] PHP Warning:  Undefined array key "login" in /home/syifa-laundry.com/laundry/app/Views/components/layouts/navbar.php on line 21
[07-Jan-2024 06:10:59 UTC] PHP Warning:  Undefined array key "login" in /home/syifa-laundry.com/laundry/app/Views/components/layouts/navbar.php on line 21
[07-Jan-2024 07:21:20 UTC] PHP Warning:  Undefined array key "login" in /home/syifa-laundry.com/laundry/app/Views/components/layouts/navbar.php on line 21
[07-Jan-2024 07:21:20 UTC] PHP Warning:  Undefined array key "login" in /home/syifa-laundry.com/laundry/app/Views/components/layouts/navbar.php on line 21
[07-Jan-2024 09:42:58 UTC] PHP Warning:  Undefined array key "login" in /home/syifa-laundry.com/laundry/app/Views/components/layouts/navbar.php on line 21
[07-Jan-2024 10:01:17 UTC] PHP Warning:  Undefined array key "login" in /home/syifa-laundry.com/laundry/app/Views/components/layouts/navbar.php on line 21
[07-Jan-2024 10:01:17 UTC] PHP Warning:  Undefined array key "login" in /home/syifa-laundry.com/laundry/app/Views/components/layouts/navbar.php on line 21
[07-Jan-2024 10:07:15 UTC] PHP Warning:  Undefined array key "login" in /home/syifa-laundry.com/laundry/app/Views/components/layouts/navbar.php on line 21
[07-Jan-2024 10:07:22 UTC] PHP Warning:  Undefined array key "login" in /home/syifa-laundry.com/laundry/app/Views/components/layouts/navbar.php on line 21
[07-Jan-2024 10:07:39 UTC] PHP Warning:  Undefined array key "login" in /home/syifa-laundry.com/laundry/app/Views/components/layouts/navbar.php on line 21
[07-Jan-2024 10:07:42 UTC] PHP Warning:  Undefined array key "login" in /home/syifa-laundry.com/laundry/app/Views/components/layouts/navbar.php on line 21
[07-Jan-2024 10:07:50 UTC] PHP Warning:  Undefined array key "login" in /home/syifa-laundry.com/laundry/app/Views/components/layouts/navbar.php on line 21
[07-Jan-2024 10:07:57 UTC] PHP Warning:  Undefined array key "login" in /home/syifa-laundry.com/laundry/app/Views/components/layouts/navbar.php on line 21
[07-Jan-2024 10:08:00 UTC] PHP Warning:  Undefined array key "login" in /home/syifa-laundry.com/laundry/app/Views/components/layouts/navbar.php on line 21
[07-Jan-2024 10:08:47 UTC] PHP Warning:  Undefined array key "login" in /home/syifa-laundry.com/laundry/app/Views/components/layouts/navbar.php on line 21
[07-Jan-2024 10:09:01 UTC] PHP Warning:  Undefined array key "login" in /home/syifa-laundry.com/laundry/app/Views/components/layouts/navbar.php on line 21
[07-Jan-2024 10:09:16 UTC] PHP Warning:  Undefined array key "login" in /home/syifa-laundry.com/laundry/app/Views/components/layouts/navbar.php on line 21
[07-Jan-2024 10:13:00 UTC] PHP Warning:  Undefined array key "login" in /home/syifa-laundry.com/laundry/app/Views/components/layouts/navbar.php on line 21
[07-Jan-2024 10:13:11 UTC] PHP Warning:  Undefined array key "login" in /home/syifa-laundry.com/laundry/app/Views/components/layouts/navbar.php on line 21
[07-Jan-2024 10:13:56 UTC] PHP Warning:  Undefined array key "login" in /home/syifa-laundry.com/laundry/app/Views/components/layouts/navbar.php on line 21
[07-Jan-2024 10:14:15 UTC] PHP Warning:  Undefined array key "login" in /home/syifa-laundry.com/laundry/app/Views/components/layouts/navbar.php on line 21
[07-Jan-2024 10:14:29 UTC] PHP Warning:  Undefined array key "login" in /home/syifa-laundry.com/laundry/app/Views/components/layouts/navbar.php on line 21
[07-Jan-2024 10:19:49 UTC] PHP Warning:  Undefined variable $html in /home/syifa-laundry.com/laundry/app/Views/pages/admin/pdf/pdf_customer.php on line 17
[07-Jan-2024 10:20:46 UTC] PHP Warning:  Undefined variable $html in /home/syifa-laundry.com/laundry/app/Views/pages/admin/pdf/pdf_customer.php on line 17
[07-Jan-2024 10:20:55 UTC] PHP Warning:  Undefined variable $html in /home/syifa-laundry.com/laundry/app/Views/pages/admin/pdf/pdf_customer.php on line 17
[07-Jan-2024 10:21:29 UTC] PHP Warning:  Undefined variable $html in /home/syifa-laundry.com/laundry/app/Views/pages/admin/pdf/pdf_ctm_belum_bayar.php on line 17
[07-Jan-2024 10:24:18 UTC] PHP Warning:  Undefined array key "login" in /home/syifa-laundry.com/laundry/app/Views/components/layouts/navbar.php on line 21
[07-Jan-2024 10:28:44 UTC] PHP Warning:  Undefined array key "login" in /home/syifa-laundry.com/laundry/app/Views/components/layouts/navbar.php on line 21
[07-Jan-2024 10:30:11 UTC] PHP Warning:  Undefined array key "login" in /home/syifa-laundry.com/laundry/app/Views/components/layouts/navbar.php on line 21
[07-Jan-2024 10:55:19 UTC] PHP Warning:  Undefined array key "login" in /home/syifa-laundry.com/laundry/app/Views/components/layouts/navbar.php on line 21
[07-Jan-2024 11:34:35 UTC] PHP Warning:  Undefined array key "login" in /home/syifa-laundry.com/laundry/app/Views/components/layouts/navbar.php on line 21
[07-Jan-2024 11:34:36 UTC] PHP Warning:  Undefined array key "login" in /home/syifa-laundry.com/laundry/app/Views/components/layouts/navbar.php on line 21
[07-Jan-2024 11:57:12 UTC] PHP Warning:  Undefined array key "login" in /home/syifa-laundry.com/laundry/app/Views/components/layouts/navbar.php on line 21
[07-Jan-2024 11:57:20 UTC] PHP Warning:  Undefined array key "login" in /home/syifa-laundry.com/laundry/app/Views/components/layouts/navbar.php on line 21
[07-Jan-2024 11:59:34 UTC] PHP Warning:  Undefined array key "login" in /home/syifa-laundry.com/laundry/app/Views/components/layouts/navbar.php on line 21
